<?xml version="1.0" encoding="utf-8"?><testsuites name="pytest tests"><testsuite name="pytest" errors="0" failures="0" skipped="0" tests="16" time="8.280" timestamp="2026-03-27T06:47:01.041482+00:00" hostname="agent-env-37a935ba-5563-4f0f-ac15-3a04c9302ac0"><testcase classname="backend.tests.test_payment_email_features.TestPrecosEndpoint" name="test_precos_returns_5_prices" time="0.371" /><testcase classname="backend.tests.test_payment_email_features.TestPrecosEndpoint" name="test_precos_12ed_base_price" time="0.146" /><testcase classname="backend.tests.test_payment_email_features.TestPrecosEndpoint" name="test_precos_13ed_exterior_price" time="0.151" /><testcase classname="backend.tests.test_payment_email_features.TestPrecosEndpoint" name="test_precos_13ed_interior_price" time="0.165" /><testcase classname="backend.tests.test_payment_email_features.TestPrecosEndpoint" name="test_precos_12_13ed_exterior_price" time="0.145" /><testcase classname="backend.tests.test_payment_email_features.TestPrecosEndpoint" name="test_precos_12_13ed_interior_price" time="0.159" /><testcase classname="backend.tests.test_payment_email_features.TestPrecosEndpoint" name="test_precos_structure" time="0.154" /><testcase classname="backend.tests.test_payment_email_features.TestCandidaturaEmailConfirmado" name="test_candidaturas_have_email_confirmado_field" time="0.541" /><testcase classname="backend.tests.test_payment_email_features.TestCandidaturaEmailConfirmado" name="test_count_email_confirmado_true" time="0.532" /><testcase classname="backend.tests.test_payment_email_features.TestCandidaturaEmailConfirmado" name="test_update_email_confirmado" time="0.993" /><testcase classname="backend.tests.test_payment_email_features.TestCandidaturaPagamento" name="test_candidaturas_have_pagamento_field" time="0.522" /><testcase classname="backend.tests.test_payment_email_features.TestCandidaturaPagamento" name="test_count_pagamento_por_pagar" time="0.569" /><testcase classname="backend.tests.test_payment_email_features.TestCandidaturaPagamento" name="test_update_pagamento_to_pago" time="0.993" /><testcase classname="backend.tests.test_payment_email_features.TestCandidaturaPagamento" name="test_update_pagamento_to_recusado" time="0.961" /><testcase classname="backend.tests.test_payment_email_features.TestCandidaturaPagamento" name="test_update_pagamento_to_por_pagar" time="1.277" /><testcase classname="backend.tests.test_payment_email_features.TestCandidaturaCount" name="test_total_candidaturas_count" time="0.519" /></testsuite></testsuites>