<?xml version="1.0" encoding="utf-8"?><testsuites name="pytest tests"><testsuite name="pytest" errors="0" failures="0" skipped="0" tests="23" time="9.273" timestamp="2026-03-26T20:00:06.992460+00:00" hostname="agent-env-37a935ba-5563-4f0f-ac15-3a04c9302ac0"><testcase classname="backend.tests.test_mnc_api.TestHealthAndRoot" name="test_api_root" time="0.190" /><testcase classname="backend.tests.test_mnc_api.TestHealthAndRoot" name="test_categorias_endpoint" time="0.131" /><testcase classname="backend.tests.test_mnc_api.TestAuthentication" name="test_admin_login_success" time="0.339" /><testcase classname="backend.tests.test_mnc_api.TestAuthentication" name="test_brand_login_success" time="0.349" /><testcase classname="backend.tests.test_mnc_api.TestAuthentication" name="test_login_invalid_credentials" time="0.110" /><testcase classname="backend.tests.test_mnc_api.TestAuthentication" name="test_auth_me_without_token" time="0.102" /><testcase classname="backend.tests.test_mnc_api.TestCandidaturas" name="test_get_candidaturas_as_admin" time="0.548" /><testcase classname="backend.tests.test_mnc_api.TestCandidaturas" name="test_candidaturas_count_is_72" time="0.542" /><testcase classname="backend.tests.test_mnc_api.TestCandidaturas" name="test_candidaturas_have_edicao_field" time="0.499" /><testcase classname="backend.tests.test_mnc_api.TestCandidaturas" name="test_get_single_candidatura" time="0.586" /><testcase classname="backend.tests.test_mnc_api.TestCandidaturas" name="test_candidaturas_without_auth" time="0.151" /><testcase classname="backend.tests.test_mnc_api.TestDashboardStats" name="test_dashboard_stats" time="0.492" /><testcase classname="backend.tests.test_mnc_api.TestDashboardStats" name="test_dashboard_stats_requires_admin" time="0.523" /><testcase classname="backend.tests.test_mnc_api.TestMarcasAprovadas" name="test_get_marcas" time="0.461" /><testcase classname="backend.tests.test_mnc_api.TestMarcasAprovadas" name="test_marcas_requires_admin" time="0.467" /><testcase classname="backend.tests.test_mnc_api.TestPatrocinadores" name="test_get_patrocinadores" time="0.443" /><testcase classname="backend.tests.test_mnc_api.TestEdicoes" name="test_get_edicoes" time="0.473" /><testcase classname="backend.tests.test_mnc_api.TestCandidaturaApprovalWorkflow" name="test_approve_candidatura_endpoint_exists" time="0.454" /><testcase classname="backend.tests.test_mnc_api.TestCandidaturaApprovalWorkflow" name="test_reject_candidatura_endpoint_exists" time="0.457" /><testcase classname="backend.tests.test_mnc_api.TestOtherAdminEndpoints" name="test_logistica_endpoint" time="0.451" /><testcase classname="backend.tests.test_mnc_api.TestOtherAdminEndpoints" name="test_comunicacao_endpoint" time="0.454" /><testcase classname="backend.tests.test_mnc_api.TestOtherAdminEndpoints" name="test_sustentabilidade_endpoint" time="0.461" /><testcase classname="backend.tests.test_mnc_api.TestOtherAdminEndpoints" name="test_socialmedia_endpoint" time="0.507" /></testsuite></testsuites>